
======================================================================
[dec4] event_aligned_lfp  (event_aligned_lfp)
======================================================================
{
  "lfp": "/Users/paris/Documents/Buzsakli Lab Github/Haptic_Stim_session2_251204_131403/amplifier.lfp",
  "sequence": "/Users/paris/Documents/Buzsakli Lab Github/analysis/outputs/dec4/dec4_condition_sequence.csv",
  "output_dir": "/Users/paris/Documents/Buzsakli Lab Github/analysis/outputs/dec4/event_aligned_lfp",
  "n_channels_input": 256,
  "channels_analyzed": [
    0,
    1,
    2,
    3,
    4,
    5,
    6,
    7,
    8,
    9,
    10,
    11,
    12,
    13,
    14,
    15,
    16,
    17,
    18,
    19,
    20,
    21,
    22,
    23,
    24,
    25,
    26,
    27,
    28,
    29,
    30,
    31,
    32,
    33,
    34,
    35,
    36,
    37,
    38,
    39,
    40,
    41,
    42,
    43,
    44,
    45,
    46,
    47,
    48,
    49,
    50,
    51,
    52,
    53,
    54,
    55,
    56,
    57,
    58,
    59,
    60,
    61,
    62,
    63,
    64,
    65,
    66,
    67,
    68,
    69,
    70,
    71,
    72,
    73,
    74,
    75,
    76,
    77,
    78,
    79,
    80,
    81,
    82,
    83,
    84,
    85,
    86,
    87,
    88,
    89,
    90,
    91,
    92,
    93,
    94,
    95,
    96,
    97,
    98,
    99,
    100,
    101,
    102,
    103,
    104,
    105,
    106,
    107,
    108,
    109,
    110,
    111,
    112,
    113,
    114,
    115,
    116,
    117,
    118,
    119,
    120,
    121,
    122,
    123,
    124,
    125,
    126,
    127,
    128,
    129,
    130,
    131,
    132,
    133,
    134,
    135,
    136,
    137,
    138,
    139,
    140,
    141,
    142,
    143,
    144,
    145,
    146,
    147,
    148,
    149,
    150,
    151,
    152,
    153,
    154,
    155,
    156,
    157,
    158,
    159,
    160,
    161,
    162,
    163,
    164,
    165,
    166,
    167,
    168,
    169,
    170,
    171,
    172,
    173,
    174,
    175,
    176,
    177,
    178,
    179,
    180,
    181,
    182,
    183,
    184,
    185,
    186,
    187,
    188,
    189,
    190,
    191,
    192,
    193,
    194,
    195,
    196,
    197,
    198,
    199,
    200,
    201,
    202,
    203,
    204,
    205,
    206,
    207,
    208,
    209,
    210,
    211,
    212,
    213,
    214,
    215,
    216,
    217,
    218,
    219,
    220,
    221,
    222,
    223,
    224,
    225,
    226,
    227,
    228,
    229,
    230,
    231,
    232,
    233,
    234,
    235,
    236,
    237,
    238,
    239,
    240,
    241,
    242,
    243,
    244,
    245,
    246,
    247,
    248,
    249,
    250,
    251,
    252,
    253,
    254,
    255
  ],
  "sample_rate_hz": 1250.0,
  "pre_s": 1.0,
  "post_s": 4.0,
  "max_trials_per_condition": 120,
  "conditions": [
    "amp100_freq10",
    "amp100_freq26",
    "amp100_freq5",
    "amp100_freq50",
    "amp180_freq10",
    "amp180_freq26",
    "amp180_freq5",
    "amp180_freq50",
    "amp250_freq10",
    "amp250_freq26",
    "amp250_freq5",
    "amp250_freq50"
  ],
  "summary_csv": "/Users/paris/Documents/Buzsakli Lab Github/analysis/outputs/dec4/event_aligned_lfp/condition_channel_lfp_summary.csv",
  "channel_ranking_csv": "/Users/paris/Documents/Buzsakli Lab Github/analysis/outputs/dec4/event_aligned_lfp/channel_lfp_response_ranking.csv",
  "note": "This is an exploratory LFP summary. It does not remove stimulation artifacts or median-subtract channels."
}
[dec4] event_aligned_lfp: ok in 25.8s

======================================================================
[dec4] frequency_lfp  (frequency_lfp)
======================================================================
Traceback (most recent call last):
  File "/Users/paris/Documents/Buzsakli Lab Github/analysis/run_dec4_lfp_pipeline.py", line 70, in run
    mod.main()
    ~~~~~~~~^^
  File "/Users/paris/Documents/Buzsakli Lab Github/analysis/frequency_lfp.py", line 249, in main
    "analysis_group": channel_group(channel),
                      ~~~~~~~~~~~~~^^^^^^^^^
  File "/Users/paris/Documents/Buzsakli Lab Github/analysis/frequency_lfp.py", line 44, in channel_group
    raise ValueError(f"Channel {channel} is not in a known analysis group")
ValueError: Channel 5 is not in a known analysis group
[dec4] frequency_lfp: error in 5.5s

======================================================================
[dec4] time_frequency_lfp  (time_frequency_lfp)
======================================================================
/Users/paris/Documents/Buzsakli Lab Github/analysis/time_frequency_lfp.py:267: RuntimeWarning: Mean of empty slice
  "baseline_driven_log2_power": float(np.nanmean(tf_map[driven_band][:, baseline_mask])),
/Users/paris/Documents/Buzsakli Lab Github/analysis/time_frequency_lfp.py:268: RuntimeWarning: Mean of empty slice
  "onset_driven_log2_power": float(np.nanmean(tf_map[driven_band][:, onset_mask])),
/Users/paris/Documents/Buzsakli Lab Github/analysis/time_frequency_lfp.py:269: RuntimeWarning: Mean of empty slice
  "sustained_driven_log2_power": float(np.nanmean(tf_map[driven_band][:, sustained_mask])),
/Users/paris/Documents/Buzsakli Lab Github/analysis/time_frequency_lfp.py:270: RuntimeWarning: Mean of empty slice
  "offset_driven_log2_power": float(np.nanmean(tf_map[driven_band][:, offset_mask])),
Traceback (most recent call last):
  File "/Users/paris/Documents/Buzsakli Lab Github/analysis/run_dec4_lfp_pipeline.py", line 70, in run
    mod.main()
    ~~~~~~~~^^
  File "/Users/paris/Documents/Buzsakli Lab Github/analysis/time_frequency_lfp.py", line 294, in main
    plot_driven_frequency_timecourses(
    ~~~~~~~~~~~~~~~~~~~~~~~~~~~~~~~~~^
        condition_maps,
        ^^^^^^^^^^^^^^^
    ...<2 lines>...
        args.output_dir / "driven_frequency_timecourses.png",
        ^^^^^^^^^^^^^^^^^^^^^^^^^^^^^^^^^^^^^^^^^^^^^^^^^^^^^
    )
    ^
  File "/Users/paris/Documents/Buzsakli Lab Github/analysis/time_frequency_lfp.py", line 152, in plot_driven_frequency_timecourses
    trace = np.nanmean(condition_maps[condition][group][band], axis=0)
                       ~~~~~~~~~~~~~~~~~~~~~~~~~^^^^^^^
KeyError: 'Group 96-127'
[dec4] time_frequency_lfp: error in 48.6s

======================================================================
[dec4] phase_locking_lfp  (phase_locking_lfp)
======================================================================
Traceback (most recent call last):
  File "/Users/paris/Documents/Buzsakli Lab Github/analysis/run_dec4_lfp_pipeline.py", line 70, in run
    mod.main()
    ~~~~~~~~^^
  File "/Users/paris/Documents/Buzsakli Lab Github/analysis/phase_locking_lfp.py", line 256, in main
    plot_plv_timecourses(args.output_dir / "phase_locking_plv_maps.npz", args.output_dir / "plv_timecourses.png")
    ~~~~~~~~~~~~~~~~~~~~^^^^^^^^^^^^^^^^^^^^^^^^^^^^^^^^^^^^^^^^^^^^^^^^^^^^^^^^^^^^^^^^^^^^^^^^^^^^^^^^^^^^^^^^^
  File "/Users/paris/Documents/Buzsakli Lab Github/analysis/phase_locking_lfp.py", line 101, in plot_plv_timecourses
    ax.plot(time_s, plv[condition_idx, group_idx], color=colors[group], linewidth=1.5, label=group)
                                                         ~~~~~~^^^^^^^
KeyError: np.str_('A_dHPC_0-31')
[dec4] phase_locking_lfp: error in 56.3s

======================================================================
[dec4] trial_level_stats  (trial_level_stats_dec3)
======================================================================
Traceback (most recent call last):
  File "/Users/paris/Documents/Buzsakli Lab Github/analysis/run_dec4_lfp_pipeline.py", line 70, in run
    mod.main()
    ~~~~~~~~^^
  File "/Users/paris/Documents/Buzsakli Lab Github/analysis/trial_level_stats_dec3.py", line 232, in main
    plot_metric(summary, "sustained_broadband_delta", "Trial-Level Sustained Broadband Delta", args.output_dir / "sustained_broadband_ci.png")
    ~~~~~~~~~~~^^^^^^^^^^^^^^^^^^^^^^^^^^^^^^^^^^^^^^^^^^^^^^^^^^^^^^^^^^^^^^^^^^^^^^^^^^^^^^^^^^^^^^^^^^^^^^^^^^^^^^^^^^^^^^^^^^^^^^^^^^^^^^^
  File "/Users/paris/Documents/Buzsakli Lab Github/analysis/trial_level_stats_dec3.py", line 94, in plot_metric
    ax.bar(x, y, color=[colors[f] for f in freqs], alpha=0.86)
                        ~~~~~~^^^
KeyError: 10
[dec4] trial_level_stats: error in 116.0s

======================================================================
[dec4] broadband_transition  (broadband_transition_stats_dec3)
======================================================================
{
  "output_dir": "/Users/paris/Documents/Buzsakli Lab Github/analysis/outputs/dec4/broadband_transition",
  "trial_metrics_csv": "/Users/paris/Documents/Buzsakli Lab Github/analysis/outputs/dec4/broadband_transition/broadband_transition_trial_metrics.csv",
  "condition_summary_csv": "/Users/paris/Documents/Buzsakli Lab Github/analysis/outputs/dec4/broadband_transition/broadband_transition_condition_summary_ci.csv",
  "group_summary_csv": "/Users/paris/Documents/Buzsakli Lab Github/analysis/outputs/dec4/broadband_transition/broadband_transition_group_summary_ci.csv",
  "excluded_channels": [
    5,
    6,
    7,
    32,
    33,
    34,
    43,
    66,
    67,
    121,
    128,
    129,
    130,
    131,
    132,
    133,
    134,
    135,
    137,
    138,
    139,
    140,
    141,
    224,
    225,
    226,
    227,
    228,
    229,
    230,
    231,
    232,
    233,
    234,
    235,
    236,
    237,
    238,
    239,
    240,
    241,
    242,
    243,
    244,
    245,
    246,
    247,
    248,
    249,
    250,
    251,
    252,
    253,
    254,
    255
  ],
  "reference_mode": "analysis_group_median",
  "artifact_margin_s": 0.1,
  "n_bootstrap": 2000
}
[dec4] broadband_transition: ok in 50.2s

======================================================================
[dec4] off_control_broadband  (off_control_broadband_dec3)
======================================================================
{
  "output_dir": "/Users/paris/Documents/Buzsakli Lab Github/analysis/outputs/dec4/off_control_broadband",
  "condition_summary_csv": "/Users/paris/Documents/Buzsakli Lab Github/analysis/outputs/dec4/off_control_broadband/off_control_condition_summary_ci.csv",
  "group_summary_csv": "/Users/paris/Documents/Buzsakli Lab Github/analysis/outputs/dec4/off_control_broadband/off_control_group_summary_ci.csv",
  "trial_metrics_csv": "/Users/paris/Documents/Buzsakli Lab Github/analysis/outputs/dec4/off_control_broadband/off_control_trial_metrics.csv",
  "excluded_channels": [
    5,
    6,
    7,
    32,
    33,
    34,
    43,
    66,
    67,
    121,
    128,
    129,
    130,
    131,
    132,
    133,
    134,
    135,
    137,
    138,
    139,
    140,
    141,
    224,
    225,
    226,
    227,
    228,
    229,
    230,
    231,
    232,
    233,
    234,
    235,
    236,
    237,
    238,
    239,
    240,
    241,
    242,
    243,
    244,
    245,
    246,
    247,
    248,
    249,
    250,
    251,
    252,
    253,
    254,
    255
  ],
  "reference_mode": "analysis_group_median",
  "off_control_window_s": [
    3.1,
    5.9
  ]
}
[dec4] off_control_broadband: ok in 69.0s

======================================================================
[dec4] reference_sensitivity  (reference_sensitivity_lfp)
======================================================================
{
  "output_dir": "/Users/paris/Documents/Buzsakli Lab Github/analysis/outputs/dec4/reference_sensitivity",
  "bad_channels_json": "/Users/paris/Documents/Buzsakli Lab Github/analysis/bad_channels_dec4.json",
  "bad_channel_field": "candidate_bad_channels",
  "excluded_channels": [
    5,
    6,
    7,
    32,
    33,
    34,
    43,
    66,
    67,
    121,
    128,
    129,
    130,
    131,
    132,
    133,
    134,
    135,
    137,
    138,
    139,
    140,
    141,
    224,
    225,
    226,
    227,
    228,
    229,
    230,
    231,
    232,
    233,
    234,
    235,
    236,
    237,
    238,
    239,
    240,
    241,
    242,
    243,
    244,
    245,
    246,
    247,
    248,
    249,
    250,
    251,
    252,
    253,
    254,
    255
  ],
  "reference_modes": [
    "raw",
    "physical_shank_median",
    "analysis_group_median"
  ],
  "condition_summary_csv": "/Users/paris/Documents/Buzsakli Lab Github/analysis/outputs/dec4/reference_sensitivity/reference_sensitivity_condition_summary.csv",
  "group_summary_csv": "/Users/paris/Documents/Buzsakli Lab Github/analysis/outputs/dec4/reference_sensitivity/reference_sensitivity_group_summary.csv"
}
[dec4] reference_sensitivity: ok in 157.4s

======================================================================
[dec4] artifact_aware_lfp  (artifact_aware_lfp)
======================================================================
Traceback (most recent call last):
  File "/Users/paris/Documents/Buzsakli Lab Github/analysis/run_dec4_lfp_pipeline.py", line 70, in run
    mod.main()
    ~~~~~~~~^^
  File "/Users/paris/Documents/Buzsakli Lab Github/analysis/artifact_aware_lfp.py", line 175, in main
    shank = next(name for name, chs in SHANKS.items() if channel in chs)
StopIteration
[dec4] artifact_aware_lfp: error in 1.5s

=== Dec 4 pipeline summary ===
  event_aligned_lfp        ok     25.8s  
  frequency_lfp            error  5.5s  ValueError: Channel 5 is not in a known analysis group
  time_frequency_lfp       error  48.6s  KeyError: 'Group 96-127'
  phase_locking_lfp        error  56.3s  KeyError: np.str_('A_dHPC_0-31')
  trial_level_stats        error  116.0s  KeyError: 10
  broadband_transition     ok     50.2s  
  off_control_broadband    ok     69.0s  
  reference_sensitivity    ok     157.4s  
  artifact_aware_lfp       error  1.5s  StopIteration: 
