=== [1/4] core json-aware 6 ===

======================================================================
[dec4] time_frequency_lfp  (time_frequency_lfp)
======================================================================
/Users/paris/Documents/Buzsakli Lab Github/analysis/time_frequency_lfp.py:267: RuntimeWarning: Mean of empty slice
  "baseline_driven_log2_power": float(np.nanmean(tf_map[driven_band][:, baseline_mask])),
/Users/paris/Documents/Buzsakli Lab Github/analysis/time_frequency_lfp.py:268: RuntimeWarning: Mean of empty slice
  "onset_driven_log2_power": float(np.nanmean(tf_map[driven_band][:, onset_mask])),
/Users/paris/Documents/Buzsakli Lab Github/analysis/time_frequency_lfp.py:269: RuntimeWarning: Mean of empty slice
  "sustained_driven_log2_power": float(np.nanmean(tf_map[driven_band][:, sustained_mask])),
/Users/paris/Documents/Buzsakli Lab Github/analysis/time_frequency_lfp.py:270: RuntimeWarning: Mean of empty slice
  "offset_driven_log2_power": float(np.nanmean(tf_map[driven_band][:, offset_mask])),
{
  "output_dir": "/Users/paris/Documents/Buzsakli Lab Github/analysis/outputs/dec4/time_frequency_lfp",
  "summary_csv": "/Users/paris/Documents/Buzsakli Lab Github/analysis/outputs/dec4/time_frequency_lfp/time_frequency_summary.csv",
  "maps_npz": "/Users/paris/Documents/Buzsakli Lab Github/analysis/outputs/dec4/time_frequency_lfp/time_frequency_group_maps.npz",
  "pre_s": 1.0,
  "post_s": 4.0,
  "nperseg": 512,
  "noverlap": 448,
  "max_freq_hz": 80.0,
  "max_trials_per_condition": 150,
  "excluded_channels": [
    121,
    128,
    129,
    130,
    131,
    132,
    133,
    134,
    135,
    137,
    138,
    139,
    140,
    141,
    224,
    225,
    226,
    227,
    228,
    229,
    230,
    231,
    232,
    233,
    234,
    235,
    236,
    237,
    238,
    239,
    240,
    241,
    242,
    243,
    244,
    245,
    246,
    247,
    248,
    249,
    250,
    251,
    252,
    253,
    254,
    255
  ],
  "bad_channel_field": "candidate_bad_channels",
  "reference_mode": "analysis_group_median",
  "note": "Time-frequency maps are trial-averaged group mean LFP spectrograms, baseline normalized by pre-stim power."
}
[dec4] time_frequency_lfp: ok in 50.7s

======================================================================
[dec4] phase_locking_lfp  (phase_locking_lfp)
======================================================================
{
  "output_dir": "/Users/paris/Documents/Buzsakli Lab Github/analysis/outputs/dec4/phase_locking_lfp",
  "summary_csv": "/Users/paris/Documents/Buzsakli Lab Github/analysis/outputs/dec4/phase_locking_lfp/phase_locking_summary.csv",
  "maps_npz": "/Users/paris/Documents/Buzsakli Lab Github/analysis/outputs/dec4/phase_locking_lfp/phase_locking_plv_maps.npz",
  "reference_mode": "analysis_group_median",
  "excluded_channels": [
    121,
    128,
    129,
    130,
    131,
    132,
    133,
    134,
    135,
    137,
    138,
    139,
    140,
    141,
    224,
    225,
    226,
    227,
    228,
    229,
    230,
    231,
    232,
    233,
    234,
    235,
    236,
    237,
    238,
    239,
    240,
    241,
    242,
    243,
    244,
    245,
    246,
    247,
    248,
    249,
    250,
    251,
    252,
    253,
    254,
    255
  ],
  "band_half_width_hz": 1.5,
  "note": "PLV is inter-trial phase consistency at the condition's driven frequency, aligned to trial onset."
}
[dec4] phase_locking_lfp: ok in 56.2s

======================================================================
[dec4] trial_level_stats  (trial_level_stats_dec3)
======================================================================
{
  "output_dir": "/Users/paris/Documents/Buzsakli Lab Github/analysis/outputs/dec4/trial_level_stats",
  "trial_metrics_csv": "/Users/paris/Documents/Buzsakli Lab Github/analysis/outputs/dec4/trial_level_stats/trial_level_metrics.csv",
  "summary_ci_csv": "/Users/paris/Documents/Buzsakli Lab Github/analysis/outputs/dec4/trial_level_stats/trial_level_summary_ci.csv",
  "condition_summary_ci_csv": "/Users/paris/Documents/Buzsakli Lab Github/analysis/outputs/dec4/trial_level_stats/condition_summary_ci.csv",
  "excluded_channels": [
    121,
    128,
    129,
    130,
    131,
    132,
    133,
    134,
    135,
    137,
    138,
    139,
    140,
    141,
    224,
    225,
    226,
    227,
    228,
    229,
    230,
    231,
    232,
    233,
    234,
    235,
    236,
    237,
    238,
    239,
    240,
    241,
    242,
    243,
    244,
    245,
    246,
    247,
    248,
    249,
    250,
    251,
    252,
    253,
    254,
    255
  ],
  "reference_mode": "analysis_group_median",
  "spectral_window_s": 2.8,
  "n_bootstrap": 2000
}
[dec4] trial_level_stats: ok in 117.6s

======================================================================
[dec4] broadband_transition  (broadband_transition_stats_dec3)
======================================================================
{
  "output_dir": "/Users/paris/Documents/Buzsakli Lab Github/analysis/outputs/dec4/broadband_transition",
  "trial_metrics_csv": "/Users/paris/Documents/Buzsakli Lab Github/analysis/outputs/dec4/broadband_transition/broadband_transition_trial_metrics.csv",
  "condition_summary_csv": "/Users/paris/Documents/Buzsakli Lab Github/analysis/outputs/dec4/broadband_transition/broadband_transition_condition_summary_ci.csv",
  "group_summary_csv": "/Users/paris/Documents/Buzsakli Lab Github/analysis/outputs/dec4/broadband_transition/broadband_transition_group_summary_ci.csv",
  "excluded_channels": [
    121,
    128,
    129,
    130,
    131,
    132,
    133,
    134,
    135,
    137,
    138,
    139,
    140,
    141,
    224,
    225,
    226,
    227,
    228,
    229,
    230,
    231,
    232,
    233,
    234,
    235,
    236,
    237,
    238,
    239,
    240,
    241,
    242,
    243,
    244,
    245,
    246,
    247,
    248,
    249,
    250,
    251,
    252,
    253,
    254,
    255
  ],
  "reference_mode": "analysis_group_median",
  "artifact_margin_s": 0.1,
  "n_bootstrap": 2000
}
[dec4] broadband_transition: ok in 308.8s

======================================================================
[dec4] off_control_broadband  (off_control_broadband_dec3)
======================================================================
{
  "output_dir": "/Users/paris/Documents/Buzsakli Lab Github/analysis/outputs/dec4/off_control_broadband",
  "condition_summary_csv": "/Users/paris/Documents/Buzsakli Lab Github/analysis/outputs/dec4/off_control_broadband/off_control_condition_summary_ci.csv",
  "group_summary_csv": "/Users/paris/Documents/Buzsakli Lab Github/analysis/outputs/dec4/off_control_broadband/off_control_group_summary_ci.csv",
  "trial_metrics_csv": "/Users/paris/Documents/Buzsakli Lab Github/analysis/outputs/dec4/off_control_broadband/off_control_trial_metrics.csv",
  "excluded_channels": [
    121,
    128,
    129,
    130,
    131,
    132,
    133,
    134,
    135,
    137,
    138,
    139,
    140,
    141,
    224,
    225,
    226,
    227,
    228,
    229,
    230,
    231,
    232,
    233,
    234,
    235,
    236,
    237,
    238,
    239,
    240,
    241,
    242,
    243,
    244,
    245,
    246,
    247,
    248,
    249,
    250,
    251,
    252,
    253,
    254,
    255
  ],
  "reference_mode": "analysis_group_median",
  "off_control_window_s": [
    3.1,
    5.9
  ]
}
[dec4] off_control_broadband: ok in 70.1s

======================================================================
[dec4] reference_sensitivity  (reference_sensitivity_lfp)
======================================================================
{
  "output_dir": "/Users/paris/Documents/Buzsakli Lab Github/analysis/outputs/dec4/reference_sensitivity",
  "bad_channels_json": "/Users/paris/Documents/Buzsakli Lab Github/analysis/bad_channels_dec4.json",
  "bad_channel_field": "candidate_bad_channels",
  "excluded_channels": [
    121,
    128,
    129,
    130,
    131,
    132,
    133,
    134,
    135,
    137,
    138,
    139,
    140,
    141,
    224,
    225,
    226,
    227,
    228,
    229,
    230,
    231,
    232,
    233,
    234,
    235,
    236,
    237,
    238,
    239,
    240,
    241,
    242,
    243,
    244,
    245,
    246,
    247,
    248,
    249,
    250,
    251,
    252,
    253,
    254,
    255
  ],
  "reference_modes": [
    "raw",
    "physical_shank_median",
    "analysis_group_median"
  ],
  "condition_summary_csv": "/Users/paris/Documents/Buzsakli Lab Github/analysis/outputs/dec4/reference_sensitivity/reference_sensitivity_condition_summary.csv",
  "group_summary_csv": "/Users/paris/Documents/Buzsakli Lab Github/analysis/outputs/dec4/reference_sensitivity/reference_sensitivity_group_summary.csv"
}
[dec4] reference_sensitivity: ok in 158.1s

=== Dec 4 pipeline summary ===
  time_frequency_lfp       ok     50.7s  
  phase_locking_lfp        ok     56.2s  
  trial_level_stats        ok     117.6s  
  broadband_transition     ok     308.8s  
  off_control_broadband    ok     70.1s  
  reference_sensitivity    ok     158.1s  
=== [2/4] entrainment (1/f + ITPC) ===
dHPC (A 0-31)      amp100_freq5   res_on=-0.254 itpc=0.049 floor=0.063     
dHPC (A 0-31)      amp180_freq5   res_on=-0.256 itpc=0.061 floor=0.063     
dHPC (A 0-31)      amp250_freq5   res_on=-0.249 itpc=0.047 floor=0.063     
dHPC (A 0-31)      amp100_freq10  res_on=+0.003 itpc=0.080 floor=0.063     LOCKED
dHPC (A 0-31)      amp180_freq10  res_on=+0.029 itpc=0.078 floor=0.063     LOCKED
dHPC (A 0-31)      amp250_freq10  res_on=-0.037 itpc=0.064 floor=0.063     LOCKED
dHPC (A 0-31)      amp100_freq26  res_on=+0.006 itpc=0.069 floor=0.063     LOCKED
dHPC (A 0-31)      amp180_freq26  res_on=+0.020 itpc=0.066 floor=0.063     LOCKED
dHPC (A 0-31)      amp250_freq26  res_on=+0.053 itpc=0.064 floor=0.063 PEAK LOCKED
dHPC (A 0-31)      amp100_freq50  res_on=+0.147 itpc=0.074 floor=0.063 PEAK LOCKED
dHPC (A 0-31)      amp180_freq50  res_on=+0.182 itpc=0.067 floor=0.063 PEAK LOCKED
dHPC (A 0-31)      amp250_freq50  res_on=+0.180 itpc=0.054 floor=0.063 PEAK 
LEC (B 192-255)    amp100_freq5   res_on=-0.011 itpc=0.087 floor=0.063     LOCKED
LEC (B 192-255)    amp180_freq5   res_on=-0.050 itpc=0.069 floor=0.063     LOCKED
LEC (B 192-255)    amp250_freq5   res_on=-0.023 itpc=0.081 floor=0.063     LOCKED
LEC (B 192-255)    amp100_freq10  res_on=-0.258 itpc=0.063 floor=0.063     LOCKED
LEC (B 192-255)    amp180_freq10  res_on=-0.226 itpc=0.047 floor=0.063     
LEC (B 192-255)    amp250_freq10  res_on=-0.277 itpc=0.059 floor=0.063     
LEC (B 192-255)    amp100_freq26  res_on=-0.175 itpc=0.076 floor=0.063     LOCKED
LEC (B 192-255)    amp180_freq26  res_on=-0.131 itpc=0.062 floor=0.063     
LEC (B 192-255)    amp250_freq26  res_on=-0.100 itpc=0.054 floor=0.063     
LEC (B 192-255)    amp100_freq50  res_on=+0.354 itpc=0.052 floor=0.063 PEAK 
LEC (B 192-255)    amp180_freq50  res_on=+0.475 itpc=0.069 floor=0.063 PEAK LOCKED
LEC (B 192-255)    amp250_freq50  res_on=+0.637 itpc=0.080 floor=0.063 PEAK LOCKED

Wrote analysis/outputs/dec4/spectral_slope_itpc/spectral_slope_itpc_summary.csv and .png
=== [3/4] phase-2 ===

====================================================================
[dec4-p2] adaptation_analysis
====================================================================
{
  "output_dir": "/Users/paris/Documents/Buzsakli Lab Github/analysis/outputs/dec4/adaptation_analysis",
  "trial_metrics": "/Users/paris/Documents/Buzsakli Lab Github/analysis/outputs/dec4/off_control_broadband/off_control_trial_metrics.csv",
  "rolling_window": 15,
  "n_bootstrap": 2000
}
[dec4-p2] adaptation_analysis: ok (1.4s)

====================================================================
[dec4-p2] broadband_perchannel_ci
====================================================================
amp100_freq5: n=200  sustained=20.6 [4.3,36.1]  offset=37.7 [10.0,67.2]
amp180_freq5: n=200  sustained=27.6 [12.0,41.6]  offset=45.4 [17.0,72.8]
amp250_freq5: n=200  sustained=5.5 [-12.7,23.1]  offset=14.9 [-11.5,41.5]
amp100_freq26: n=200  sustained=14.5 [-3.7,32.4]  offset=27.5 [-0.7,57.7]
amp180_freq26: n=200  sustained=-2.8 [-18.4,12.4]  offset=37.2 [9.7,65.0]
amp250_freq26: n=200  sustained=-24.2 [-40.6,-7.8]  offset=24.4 [-1.6,53.0]
wrote /Users/paris/Documents/Buzsakli Lab Github/analysis/outputs/dec4/biological_summary/broadband_perchannel_ci.png
[dec4-p2] broadband_perchannel_ci: ok (4.5s)

====================================================================
[dec4-p2] explain_sustained_vs_offset_dHPC
====================================================================
wrote /Users/paris/Documents/Buzsakli Lab Github/analysis/outputs/dec4/biological_summary/dHPC_amp180_freq26/sustained_vs_offset_explained.png  (n=200 trials; sustained=-36.2, offset=40.1)
[dec4-p2] explain_sustained_vs_offset_dHPC: ok (0.6s)

====================================================================
[dec4-p2] explain_sustained_vs_offset_LEC
====================================================================
wrote /Users/paris/Documents/Buzsakli Lab Github/analysis/outputs/dec4/biological_summary/LEC_amp250_freq50/sustained_vs_offset_explained.png  (n=200 trials; sustained=-4.6, offset=-0.3)
[dec4-p2] explain_sustained_vs_offset_LEC: ok (0.4s)

====================================================================
[dec4-p2] margin_exclusion_test_dHPC
====================================================================
wrote /Users/paris/Documents/Buzsakli Lab Github/analysis/outputs/dec4/methods/dHPC_amp180_freq26/margin_exclusion_test.png  (n=200 trials)
[dec4-p2] margin_exclusion_test_dHPC: ok (0.5s)

====================================================================
[dec4-p2] margin_exclusion_test_LEC
====================================================================
wrote /Users/paris/Documents/Buzsakli Lab Github/analysis/outputs/dec4/methods/LEC_amp250_freq50/margin_exclusion_test.png  (n=200 trials)
[dec4-p2] margin_exclusion_test_LEC: ok (0.4s)

=== Dec 4 phase-2 summary ===
  adaptation_analysis                ok     1.4s 
  broadband_perchannel_ci            ok     4.5s 
  explain_sustained_vs_offset_dHPC   ok     0.6s 
  explain_sustained_vs_offset_LEC    ok     0.4s 
  margin_exclusion_test_dHPC         ok     0.5s 
  margin_exclusion_test_LEC          ok     0.4s 
=== [4/4] movement ===
{
  "proxy_channels": [
    0,
    10,
    20,
    32,
    42,
    52,
    64,
    74,
    84,
    96,
    106,
    116,
    136,
    158,
    175,
    192,
    202,
    212
  ],
  "band_hz": [
    200.0,
    500.0
  ],
  "exclude_quantile": 0.75,
  "movement_threshold": 56.94651895470037,
  "n_trials": 2400,
  "n_high_movement": 600,
  "driven_full_vs_excluded_corr": 0.903060279335467,
  "note": "LFP-only movement proxy (no accelerometer this session). High correlation => driven-power results are not driven by the highest-movement trials."
}
=== RERUN CHAIN DONE ===
