
====================================================================
[dec4-p2] adaptation_analysis
====================================================================
{
  "output_dir": "/Users/paris/Documents/Buzsakli Lab Github/analysis/outputs/dec4/adaptation_analysis",
  "trial_metrics": "/Users/paris/Documents/Buzsakli Lab Github/analysis/outputs/dec4/off_control_broadband/off_control_trial_metrics.csv",
  "rolling_window": 15,
  "n_bootstrap": 2000
}
[dec4-p2] adaptation_analysis: ok (1.4s)

====================================================================
[dec4-p2] broadband_perchannel_ci
====================================================================
amp100_freq5: n=200  sustained=19.7 [4.9,33.9]  offset=33.9 [8.7,60.7]
amp180_freq5: n=200  sustained=26.3 [12.0,39.2]  offset=42.7 [17.2,67.7]
amp250_freq5: n=200  sustained=5.4 [-11.2,21.6]  offset=14.0 [-9.8,38.2]
amp100_freq26: n=200  sustained=13.8 [-2.7,30.3]  offset=25.3 [-0.5,52.9]
amp180_freq26: n=200  sustained=-1.7 [-16.1,12.1]  offset=34.2 [9.2,59.3]
amp250_freq26: n=200  sustained=-21.6 [-36.6,-6.6]  offset=23.0 [-0.8,49.2]
wrote /Users/paris/Documents/Buzsakli Lab Github/analysis/outputs/dec4/biological_summary/broadband_perchannel_ci.png
[dec4-p2] broadband_perchannel_ci: ok (6.9s)

====================================================================
[dec4-p2] explain_sustained_vs_offset_dHPC
====================================================================
wrote /Users/paris/Documents/Buzsakli Lab Github/analysis/outputs/dec4/biological_summary/dHPC_amp180_freq26/sustained_vs_offset_explained.png  (n=200 trials; sustained=-33.3, offset=37.5)
[dec4-p2] explain_sustained_vs_offset_dHPC: ok (0.7s)

====================================================================
[dec4-p2] explain_sustained_vs_offset_LEC
====================================================================
wrote /Users/paris/Documents/Buzsakli Lab Github/analysis/outputs/dec4/biological_summary/LEC_amp250_freq50/sustained_vs_offset_explained.png  (n=200 trials; sustained=-4.6, offset=-0.3)
[dec4-p2] explain_sustained_vs_offset_LEC: ok (1.5s)

====================================================================
[dec4-p2] margin_exclusion_test_dHPC
====================================================================
wrote /Users/paris/Documents/Buzsakli Lab Github/analysis/outputs/dec4/methods/dHPC_amp180_freq26/margin_exclusion_test.png  (n=200 trials)
[dec4-p2] margin_exclusion_test_dHPC: ok (0.4s)

====================================================================
[dec4-p2] margin_exclusion_test_LEC
====================================================================
wrote /Users/paris/Documents/Buzsakli Lab Github/analysis/outputs/dec4/methods/LEC_amp250_freq50/margin_exclusion_test.png  (n=200 trials)
[dec4-p2] margin_exclusion_test_LEC: ok (0.4s)

=== Dec 4 phase-2 summary ===
  adaptation_analysis                ok     1.4s 
  broadband_perchannel_ci            ok     6.9s 
  explain_sustained_vs_offset_dHPC   ok     0.7s 
  explain_sustained_vs_offset_LEC    ok     1.5s 
  margin_exclusion_test_dHPC         ok     0.4s 
  margin_exclusion_test_LEC          ok     0.4s 
