chunk 1: raw 0:1600000 -> 100000 LFP samples
chunk 2: raw 1600000:3200000 -> 100000 LFP samples
chunk 3: raw 3200000:4800000 -> 100000 LFP samples
chunk 4: raw 4800000:6400000 -> 100000 LFP samples
chunk 5: raw 6400000:8000000 -> 100000 LFP samples
chunk 6: raw 8000000:9600000 -> 100000 LFP samples
chunk 7: raw 9600000:11200000 -> 100000 LFP samples
chunk 8: raw 11200000:12800000 -> 100000 LFP samples
chunk 9: raw 12800000:14400000 -> 100000 LFP samples
chunk 10: raw 14400000:16000000 -> 100000 LFP samples
chunk 11: raw 16000000:17600000 -> 100000 LFP samples
chunk 12: raw 17600000:19200000 -> 100000 LFP samples
chunk 13: raw 19200000:20800000 -> 100000 LFP samples
chunk 14: raw 20800000:22400000 -> 100000 LFP samples
chunk 15: raw 22400000:24000000 -> 100000 LFP samples
chunk 16: raw 24000000:25600000 -> 100000 LFP samples
chunk 17: raw 25600000:27200000 -> 100000 LFP samples
chunk 18: raw 27200000:28800000 -> 100000 LFP samples
chunk 19: raw 28800000:30400000 -> 100000 LFP samples
chunk 20: raw 30400000:32000000 -> 100000 LFP samples
chunk 21: raw 32000000:33600000 -> 100000 LFP samples
chunk 22: raw 33600000:35200000 -> 100000 LFP samples
chunk 23: raw 35200000:36800000 -> 100000 LFP samples
chunk 24: raw 36800000:38400000 -> 100000 LFP samples
chunk 25: raw 38400000:40000000 -> 100000 LFP samples
chunk 26: raw 40000000:41600000 -> 100000 LFP samples
chunk 27: raw 41600000:43200000 -> 100000 LFP samples
chunk 28: raw 43200000:44800000 -> 100000 LFP samples
chunk 29: raw 44800000:46400000 -> 100000 LFP samples
chunk 30: raw 46400000:48000000 -> 100000 LFP samples
chunk 31: raw 48000000:49600000 -> 100000 LFP samples
chunk 32: raw 49600000:51200000 -> 100000 LFP samples
chunk 33: raw 51200000:52800000 -> 100000 LFP samples
chunk 34: raw 52800000:54400000 -> 100000 LFP samples
chunk 35: raw 54400000:56000000 -> 100000 LFP samples
chunk 36: raw 56000000:57600000 -> 100000 LFP samples
chunk 37: raw 57600000:59200000 -> 100000 LFP samples
chunk 38: raw 59200000:60800000 -> 100000 LFP samples
chunk 39: raw 60800000:62400000 -> 100000 LFP samples
chunk 40: raw 62400000:64000000 -> 100000 LFP samples
chunk 41: raw 64000000:65600000 -> 100000 LFP samples
chunk 42: raw 65600000:67200000 -> 100000 LFP samples
chunk 43: raw 67200000:68800000 -> 100000 LFP samples
chunk 44: raw 68800000:70400000 -> 100000 LFP samples
chunk 45: raw 70400000:72000000 -> 100000 LFP samples
chunk 46: raw 72000000:73600000 -> 100000 LFP samples
chunk 47: raw 73600000:75200000 -> 100000 LFP samples
chunk 48: raw 75200000:76800000 -> 100000 LFP samples
chunk 49: raw 76800000:78400000 -> 100000 LFP samples
chunk 50: raw 78400000:80000000 -> 100000 LFP samples
chunk 51: raw 80000000:81600000 -> 100000 LFP samples
chunk 52: raw 81600000:83200000 -> 100000 LFP samples
chunk 53: raw 83200000:84800000 -> 100000 LFP samples
chunk 54: raw 84800000:86400000 -> 100000 LFP samples
chunk 55: raw 86400000:88000000 -> 100000 LFP samples
chunk 56: raw 88000000:89600000 -> 100000 LFP samples
chunk 57: raw 89600000:91200000 -> 100000 LFP samples
chunk 58: raw 91200000:92800000 -> 100000 LFP samples
chunk 59: raw 92800000:94400000 -> 100000 LFP samples
chunk 60: raw 94400000:96000000 -> 100000 LFP samples
chunk 61: raw 96000000:97600000 -> 100000 LFP samples
chunk 62: raw 97600000:99200000 -> 100000 LFP samples
chunk 63: raw 99200000:100800000 -> 100000 LFP samples
chunk 64: raw 100800000:102400000 -> 100000 LFP samples
chunk 65: raw 102400000:104000000 -> 100000 LFP samples
chunk 66: raw 104000000:105600000 -> 100000 LFP samples
chunk 67: raw 105600000:107200000 -> 100000 LFP samples
chunk 68: raw 107200000:108800000 -> 100000 LFP samples
chunk 69: raw 108800000:110400000 -> 100000 LFP samples
chunk 70: raw 110400000:112000000 -> 100000 LFP samples
chunk 71: raw 112000000:113600000 -> 100000 LFP samples
chunk 72: raw 113600000:115200000 -> 100000 LFP samples
chunk 73: raw 115200000:116800000 -> 100000 LFP samples
chunk 74: raw 116800000:118400000 -> 100000 LFP samples
chunk 75: raw 118400000:120000000 -> 100000 LFP samples
chunk 76: raw 120000000:121600000 -> 100000 LFP samples
chunk 77: raw 121600000:123200000 -> 100000 LFP samples
chunk 78: raw 123200000:124800000 -> 100000 LFP samples
chunk 79: raw 124800000:126400000 -> 100000 LFP samples
chunk 80: raw 126400000:128000000 -> 100000 LFP samples
chunk 81: raw 128000000:129600000 -> 100000 LFP samples
chunk 82: raw 129600000:131200000 -> 100000 LFP samples
chunk 83: raw 131200000:132800000 -> 100000 LFP samples
chunk 84: raw 132800000:134400000 -> 100000 LFP samples
chunk 85: raw 134400000:136000000 -> 100000 LFP samples
chunk 86: raw 136000000:137600000 -> 100000 LFP samples
chunk 87: raw 137600000:139200000 -> 100000 LFP samples
chunk 88: raw 139200000:140800000 -> 100000 LFP samples
chunk 89: raw 140800000:142400000 -> 100000 LFP samples
chunk 90: raw 142400000:144000000 -> 100000 LFP samples
chunk 91: raw 144000000:145600000 -> 100000 LFP samples
chunk 92: raw 145600000:147200000 -> 100000 LFP samples
chunk 93: raw 147200000:148800000 -> 100000 LFP samples
chunk 94: raw 148800000:150400000 -> 100000 LFP samples
chunk 95: raw 150400000:152000000 -> 100000 LFP samples
chunk 96: raw 152000000:153600000 -> 100000 LFP samples
chunk 97: raw 153600000:155200000 -> 100000 LFP samples
chunk 98: raw 155200000:156800000 -> 100000 LFP samples
chunk 99: raw 156800000:158400000 -> 100000 LFP samples
chunk 100: raw 158400000:160000000 -> 100000 LFP samples
chunk 101: raw 160000000:161600000 -> 100000 LFP samples
chunk 102: raw 161600000:163200000 -> 100000 LFP samples
chunk 103: raw 163200000:164800000 -> 100000 LFP samples
chunk 104: raw 164800000:166400000 -> 100000 LFP samples
chunk 105: raw 166400000:168000000 -> 100000 LFP samples
chunk 106: raw 168000000:169600000 -> 100000 LFP samples
chunk 107: raw 169600000:171200000 -> 100000 LFP samples
chunk 108: raw 171200000:172800000 -> 100000 LFP samples
chunk 109: raw 172800000:174400000 -> 100000 LFP samples
chunk 110: raw 174400000:176000000 -> 100000 LFP samples
chunk 111: raw 176000000:177600000 -> 100000 LFP samples
chunk 112: raw 177600000:179200000 -> 100000 LFP samples
chunk 113: raw 179200000:180800000 -> 100000 LFP samples
chunk 114: raw 180800000:182400000 -> 100000 LFP samples
chunk 115: raw 182400000:184000000 -> 100000 LFP samples
chunk 116: raw 184000000:185600000 -> 100000 LFP samples
chunk 117: raw 185600000:187200000 -> 100000 LFP samples
chunk 118: raw 187200000:188800000 -> 100000 LFP samples
chunk 119: raw 188800000:190400000 -> 100000 LFP samples
chunk 120: raw 190400000:192000000 -> 100000 LFP samples
chunk 121: raw 192000000:193600000 -> 100000 LFP samples
chunk 122: raw 193600000:195200000 -> 100000 LFP samples
chunk 123: raw 195200000:196800000 -> 100000 LFP samples
chunk 124: raw 196800000:198400000 -> 100000 LFP samples
chunk 125: raw 198400000:200000000 -> 100000 LFP samples
chunk 126: raw 200000000:201600000 -> 100000 LFP samples
chunk 127: raw 201600000:203200000 -> 100000 LFP samples
chunk 128: raw 203200000:204800000 -> 100000 LFP samples
chunk 129: raw 204800000:206400000 -> 100000 LFP samples
chunk 130: raw 206400000:208000000 -> 100000 LFP samples
chunk 131: raw 208000000:209600000 -> 100000 LFP samples
chunk 132: raw 209600000:211200000 -> 100000 LFP samples
chunk 133: raw 211200000:212800000 -> 100000 LFP samples
chunk 134: raw 212800000:214400000 -> 100000 LFP samples
chunk 135: raw 214400000:216000000 -> 100000 LFP samples
chunk 136: raw 216000000:217600000 -> 100000 LFP samples
chunk 137: raw 217600000:219200000 -> 100000 LFP samples
chunk 138: raw 219200000:220800000 -> 100000 LFP samples
chunk 139: raw 220800000:222400000 -> 100000 LFP samples
chunk 140: raw 222400000:224000000 -> 100000 LFP samples
chunk 141: raw 224000000:225600000 -> 100000 LFP samples
chunk 142: raw 225600000:227200000 -> 100000 LFP samples
chunk 143: raw 227200000:228800000 -> 100000 LFP samples
chunk 144: raw 228800000:230400000 -> 100000 LFP samples
chunk 145: raw 230400000:232000000 -> 100000 LFP samples
chunk 146: raw 232000000:233600000 -> 100000 LFP samples
chunk 147: raw 233600000:235200000 -> 100000 LFP samples
chunk 148: raw 235200000:236800000 -> 100000 LFP samples
chunk 149: raw 236800000:238400000 -> 100000 LFP samples
chunk 150: raw 238400000:240000000 -> 100000 LFP samples
chunk 151: raw 240000000:241600000 -> 100000 LFP samples
chunk 152: raw 241600000:243200000 -> 100000 LFP samples
chunk 153: raw 243200000:244800000 -> 100000 LFP samples
chunk 154: raw 244800000:246400000 -> 100000 LFP samples
chunk 155: raw 246400000:248000000 -> 100000 LFP samples
chunk 156: raw 248000000:249600000 -> 100000 LFP samples
chunk 157: raw 249600000:251200000 -> 100000 LFP samples
chunk 158: raw 251200000:252800000 -> 100000 LFP samples
chunk 159: raw 252800000:254400000 -> 100000 LFP samples
chunk 160: raw 254400000:256000000 -> 100000 LFP samples
chunk 161: raw 256000000:257600000 -> 100000 LFP samples
chunk 162: raw 257600000:259200000 -> 100000 LFP samples
chunk 163: raw 259200000:260800000 -> 100000 LFP samples
chunk 164: raw 260800000:262400000 -> 100000 LFP samples
chunk 165: raw 262400000:264000000 -> 100000 LFP samples
chunk 166: raw 264000000:265600000 -> 100000 LFP samples
chunk 167: raw 265600000:267200000 -> 100000 LFP samples
chunk 168: raw 267200000:268800000 -> 100000 LFP samples
chunk 169: raw 268800000:270400000 -> 100000 LFP samples
chunk 170: raw 270400000:272000000 -> 100000 LFP samples
chunk 171: raw 272000000:273600000 -> 100000 LFP samples
chunk 172: raw 273600000:275200000 -> 100000 LFP samples
chunk 173: raw 275200000:276800000 -> 100000 LFP samples
chunk 174: raw 276800000:278400000 -> 100000 LFP samples
chunk 175: raw 278400000:280000000 -> 100000 LFP samples
chunk 176: raw 280000000:281600000 -> 100000 LFP samples
chunk 177: raw 281600000:283200000 -> 100000 LFP samples
chunk 178: raw 283200000:284800000 -> 100000 LFP samples
chunk 179: raw 284800000:286400000 -> 100000 LFP samples
chunk 180: raw 286400000:288000000 -> 100000 LFP samples
chunk 181: raw 288000000:289600000 -> 100000 LFP samples
chunk 182: raw 289600000:291200000 -> 100000 LFP samples
chunk 183: raw 291200000:292800000 -> 100000 LFP samples
chunk 184: raw 292800000:294400000 -> 100000 LFP samples
chunk 185: raw 294400000:296000000 -> 100000 LFP samples
chunk 186: raw 296000000:297600000 -> 100000 LFP samples
chunk 187: raw 297600000:299200000 -> 100000 LFP samples
chunk 188: raw 299200000:300800000 -> 100000 LFP samples
chunk 189: raw 300800000:302400000 -> 100000 LFP samples
chunk 190: raw 302400000:304000000 -> 100000 LFP samples
chunk 191: raw 304000000:305600000 -> 100000 LFP samples
chunk 192: raw 305600000:307200000 -> 100000 LFP samples
chunk 193: raw 307200000:308800000 -> 100000 LFP samples
chunk 194: raw 308800000:310400000 -> 100000 LFP samples
chunk 195: raw 310400000:312000000 -> 100000 LFP samples
chunk 196: raw 312000000:313600000 -> 100000 LFP samples
chunk 197: raw 313600000:315200000 -> 100000 LFP samples
chunk 198: raw 315200000:316800000 -> 100000 LFP samples
chunk 199: raw 316800000:318400000 -> 100000 LFP samples
chunk 200: raw 318400000:320000000 -> 100000 LFP samples
chunk 201: raw 320000000:321600000 -> 100000 LFP samples
chunk 202: raw 321600000:323200000 -> 100000 LFP samples
chunk 203: raw 323200000:324800000 -> 100000 LFP samples
chunk 204: raw 324800000:326400000 -> 100000 LFP samples
chunk 205: raw 326400000:328000000 -> 100000 LFP samples
chunk 206: raw 328000000:329600000 -> 100000 LFP samples
chunk 207: raw 329600000:331200000 -> 100000 LFP samples
chunk 208: raw 331200000:332800000 -> 100000 LFP samples
chunk 209: raw 332800000:334400000 -> 100000 LFP samples
chunk 210: raw 334400000:336000000 -> 100000 LFP samples
chunk 211: raw 336000000:337600000 -> 100000 LFP samples
chunk 212: raw 337600000:339200000 -> 100000 LFP samples
chunk 213: raw 339200000:340800000 -> 100000 LFP samples
chunk 214: raw 340800000:342400000 -> 100000 LFP samples
chunk 215: raw 342400000:344000000 -> 100000 LFP samples
chunk 216: raw 344000000:345600000 -> 100000 LFP samples
chunk 217: raw 345600000:347200000 -> 100000 LFP samples
chunk 218: raw 347200000:348800000 -> 100000 LFP samples
chunk 219: raw 348800000:350400000 -> 100000 LFP samples
chunk 220: raw 350400000:352000000 -> 100000 LFP samples
chunk 221: raw 352000000:353600000 -> 100000 LFP samples
chunk 222: raw 353600000:355200000 -> 100000 LFP samples
chunk 223: raw 355200000:356800000 -> 100000 LFP samples
chunk 224: raw 356800000:358400000 -> 100000 LFP samples
chunk 225: raw 358400000:360000000 -> 100000 LFP samples
chunk 226: raw 360000000:361600000 -> 100000 LFP samples
chunk 227: raw 361600000:362712704 -> 69544 LFP samples
{
  "dat_path": "Haptic_Stim_session2_251204_131403/amplifier.dat",
  "output_path": "Haptic_Stim_session2_251204_131403/amplifier.lfp",
  "n_channels": 256,
  "sample_rate_hz": 20000.0,
  "lfp_rate_hz": 1250.0,
  "downsample_factor": 16,
  "raw_samples": 362712704,
  "raw_duration_s": 18135.6352,
  "expected_lfp_samples": 22669544,
  "lfp_samples_written": 22669544,
  "lfp_duration_s": 18135.6352,
  "chunks_written": 227,
  "output_bytes": 11606806528,
  "note": "Raw amplifier.dat is unchanged. Chunked polyphase resampling was used; for most LFP analyses boundary effects are negligible, but avoid using samples exactly at chunk boundaries for precision artifact measurements."
}
